2013-07-16 19:44:32,654 INFO: errors [in /Users/michaelherman/Desktop/flask/flasktaskr/__init__.py:24]
2013-07-16 19:45:03,082 INFO: errors [in /Users/michaelherman/Desktop/flask/flasktaskr/__init__.py:24]
2013-07-16 19:45:03,768 INFO: errors [in /Users/michaelherman/Desktop/flask/flasktaskr/__init__.py:24]
2013-07-16 20:10:21,601 INFO: errors [in /Users/michaelherman/Desktop/flask/app/__init__.py:25]
2013-07-16 20:10:24,942 INFO: errors [in /Users/michaelherman/Desktop/flask/app/__init__.py:25]
2013-07-16 20:10:25,190 INFO: errors [in /Users/michaelherman/Desktop/flask/app/__init__.py:25]
2013-07-16 20:11:05,483 INFO: errors [in /Users/michaelherman/Desktop/flask/app/__init__.py:25]
2013-07-16 20:11:07,836 INFO: errors [in /Users/michaelherman/Desktop/flask/app/__init__.py:25]
2013-07-16 20:11:11,425 INFO: errors [in /Users/michaelherman/Desktop/flask/app/__init__.py:25]
2013-07-16 20:11:11,709 INFO: errors [in /Users/michaelherman/Desktop/flask/app/__init__.py:25]
2013-07-16 20:12:05,504 INFO: errors [in /Users/michaelherman/Desktop/flask/app/__init__.py:25]
2013-07-16 20:12:17,657 INFO: errors [in /Users/michaelherman/Desktop/flask/app/__init__.py:25]
2013-07-16 20:12:20,280 INFO: errors [in /Users/michaelherman/Desktop/flask/app/__init__.py:25]
2013-07-16 20:12:20,541 INFO: errors [in /Users/michaelherman/Desktop/flask/app/__init__.py:25]
2013-07-16 20:13:32,809 INFO: errors [in /Users/michaelherman/Desktop/flask/app/__init__.py:25]
2013-07-16 20:26:10,829 INFO: errors [in /Users/michaelherman/Desktop/flask/app/__init__.py:25]
2013-07-16 20:26:37,609 INFO: errors [in /Users/michaelherman/Desktop/flask/app/__init__.py:25]
2013-07-16 20:26:45,997 INFO: errors [in /Users/michaelherman/Desktop/flask/app/__init__.py:25]
2013-07-16 20:29:57,762 INFO: errors [in /Users/michaelherman/Desktop/flask/app/__init__.py:25]
2013-07-16 20:29:58,266 INFO: errors [in /Users/michaelherman/Desktop/flask/app/__init__.py:25]
2013-07-16 20:30:20,993 INFO: errors [in /Users/michaelherman/Desktop/flask/app/__init__.py:25]
2013-07-16 20:42:07,081 INFO: errors [in /Users/michaelherman/Desktop/flask-basic-registration/app/__init__.py:25]
2013-07-16 20:42:07,429 INFO: errors [in /Users/michaelherman/Desktop/flask-basic-registration/app/__init__.py:25]
2013-07-16 20:59:26,641 INFO: errors [in /Users/michaelherman/Desktop/flask-basic-registration/app/__init__.py:25]
2013-07-16 20:59:26,998 INFO: errors [in /Users/michaelherman/Desktop/flask-basic-registration/app/__init__.py:25]
2013-09-16 14:03:21,485 INFO: errors [in /Users/michaelherman/Desktop/flask-basic-registration/app/__init__.py:25]
2013-09-16 14:03:27,860 INFO: errors [in /Users/michaelherman/Desktop/flask-basic-registration/app/__init__.py:25]
2013-09-16 14:03:28,448 INFO: errors [in /Users/michaelherman/Desktop/flask-basic-registration/app/__init__.py:25]
2014-05-09 12:49:47,520 INFO: errors [in /Users/michaelherman/Documents/repos/github/flask-basic-registration/app/__init__.py:25]
2014-05-09 12:49:52,130 INFO: errors [in /Users/michaelherman/Documents/repos/github/flask-basic-registration/app/__init__.py:25]
2014-05-09 12:54:18,838 INFO: errors [in /Users/michaelherman/Documents/repos/github/flask-basic-registration/app/__init__.py:25]
2014-05-09 12:54:19,293 INFO: errors [in /Users/michaelherman/Documents/repos/github/flask-basic-registration/app/__init__.py:25]
2014-05-09 12:55:39,221 INFO: errors [in /Users/michaelherman/Documents/repos/github/flask-basic-registration/app/__init__.py:25]
2014-05-09 12:55:58,670 INFO: errors [in /Users/michaelherman/Documents/repos/github/flask-basic-registration/app/__init__.py:25]
2014-05-09 12:56:01,616 INFO: errors [in /Users/michaelherman/Documents/repos/github/flask-basic-registration/app/__init__.py:25]
2014-05-09 12:56:02,054 INFO: errors [in /Users/michaelherman/Documents/repos/github/flask-basic-registration/app/__init__.py:25]
2014-08-17 09:11:28,872 INFO: errors [in /Users/michaelherman/Documents/repos/github/flask-basic-registration/app/__init__.py:25]
2014-08-17 09:11:29,638 INFO: errors [in /Users/michaelherman/Documents/repos/github/flask-basic-registration/app/__init__.py:25]
2014-08-17 09:11:34,802 INFO: errors [in /Users/michaelherman/Documents/repos/github/flask-basic-registration/app/__init__.py:25]
2014-08-17 09:15:31,488 INFO: errors [in /Users/michaelherman/Documents/repos/github/flask-basic-registration/app/__init__.py:24]
2014-08-17 09:15:33,485 INFO: errors [in /Users/michaelherman/Documents/repos/github/flask-basic-registration/app/__init__.py:24]
2014-08-17 09:15:33,817 INFO: errors [in /Users/michaelherman/Documents/repos/github/flask-basic-registration/app/__init__.py:24]
2014-10-30 21:51:01,022 INFO: errors [in F:\flask-registration-origin\app\__init__.py:24]
2014-10-30 21:51:01,951 INFO: errors [in F:\flask-registration-origin\app\__init__.py:24]
2014-10-30 22:07:50,964 INFO: errors [in F:\flask-registration-origin\app\__init__.py:24]
2014-10-30 22:08:58,987 INFO: errors [in F:\flask-registration-origin\app\__init__.py:24]
2014-10-30 22:09:01,713 INFO: errors [in F:\flask-registration-origin\app\__init__.py:24]
2014-10-30 22:10:28,602 INFO: errors [in F:\flask-registration-origin\app\__init__.py:24]
2014-10-30 22:10:38,678 INFO: errors [in F:\flask-registration-origin\app\__init__.py:24]
2014-10-30 22:43:21,796 INFO: errors [in F:\flask-registration-origin\app\__init__.py:24]
2014-10-30 22:44:07,828 INFO: errors [in F:\flask-registration-origin\app\__init__.py:24]
2014-10-30 22:44:46,851 INFO: errors [in F:\flask-registration-origin\app\__init__.py:24]
2014-10-30 22:44:47,403 INFO: errors [in F:\flask-registration-origin\app\__init__.py:24]
2014-10-30 23:12:35,855 INFO: errors [in F:\flask-registration-origin\app\__init__.py:24]
2014-10-30 23:12:36,463 INFO: errors [in F:\flask-registration-origin\app\__init__.py:24]
2014-10-30 23:21:59,148 INFO: errors [in F:\flask-registration-origin\app\__init__.py:24]
2014-10-30 23:21:59,798 INFO: errors [in F:\flask-registration-origin\app\__init__.py:24]
2014-10-30 23:23:28,122 INFO: errors [in F:\flask-registration-origin\app\__init__.py:24]
2014-10-30 23:23:28,760 INFO: errors [in F:\flask-registration-origin\app\__init__.py:24]
2014-10-30 23:24:58,959 INFO: errors [in F:\flask-registration-origin\app\__init__.py:24]
2014-10-30 23:24:59,614 INFO: errors [in F:\flask-registration-origin\app\__init__.py:24]
2014-10-30 23:27:25,016 INFO: errors [in F:\flask-registration-origin\app\__init__.py:24]
2014-10-30 23:27:25,638 INFO: errors [in F:\flask-registration-origin\app\__init__.py:24]
2014-10-30 23:49:54,903 INFO: errors [in F:\flask-registration-origin\app\__init__.py:24]
2014-10-30 23:52:15,683 INFO: errors [in F:\flask-registration-origin\app\__init__.py:24]
2014-10-30 23:52:48,217 INFO: errors [in F:\flask-registration-origin\app\__init__.py:24]
2014-10-30 23:56:54,951 INFO: errors [in F:\flask-registration-origin\app\__init__.py:24]
2014-10-31 00:23:26,776 INFO: errors [in F:\flask-registration-origin\app\__init__.py:24]
2014-10-31 00:23:27,436 INFO: errors [in F:\flask-registration-origin\app\__init__.py:24]
2014-10-31 09:18:26,043 INFO: errors [in F:\flask-registration-origin\app\__init__.py:24]
2014-10-31 09:18:26,865 INFO: errors [in F:\flask-registration-origin\app\__init__.py:24]
2014-10-31 11:00:09,871 INFO: errors [in F:\flask-registration-origin\app\__init__.py:24]
2014-10-31 11:00:25,497 INFO: errors [in F:\flask-registration-origin\app\__init__.py:24]
2014-10-31 11:00:33,901 INFO: errors [in F:\flask-registration-origin\app\__init__.py:24]
2014-10-31 11:00:34,394 INFO: errors [in F:\flask-registration-origin\app\__init__.py:24]
2014-10-31 11:44:09,289 INFO: errors [in F:\flask-registration-origin\app\__init__.py:24]
2014-10-31 11:48:05,190 INFO: errors [in F:\flask-registration-origin\app\__init__.py:24]
2014-10-31 11:48:10,441 INFO: errors [in F:\flask-registration-origin\app\__init__.py:24]
2014-10-31 11:57:15,267 INFO: errors [in F:\flask-registration-origin\app\__init__.py:24]
2014-10-31 11:57:22,223 INFO: errors [in F:\flask-registration-origin\app\__init__.py:24]
2014-10-31 11:57:22,710 INFO: errors [in F:\flask-registration-origin\app\__init__.py:24]
2014-10-31 11:58:54,473 INFO: errors [in F:\flask-registration-origin\app\__init__.py:24]
